PRT1
42
112
4 0 18 (160 0 -24.097561 ) (160 0 144 ) (4.984375 0 144 ) (4.984375 0 -24.097561 ) 
4 0 5 (4.984375 160 -24.097561 ) (160 160 -24.097561 ) (160 0 -24.097561 ) (4.984375 0 -24.097561 ) 
4 0 2 (4.984375 21.574623 59.312500 ) (4.984375 21.574623 144 ) (4.984375 32.984779 144 ) (4.984375 32.984779 59.312500 ) 
4 0 3 (4.984375 32.984779 -24.097561 ) (4.984375 21.574623 -24.097561 ) (4.984375 21.574623 -1.015625 ) (4.984375 32.984779 -1.015625 ) 
4 0 1 (4.984375 160 -24.097561 ) (4.984375 32.984779 -24.097561 ) (4.984375 32.984779 144 ) (4.984375 160 144 ) 
4 0 4 (4.984375 21.574623 -24.097561 ) (4.984375 0 -24.097561 ) (4.984375 0 144 ) (4.984375 21.574623 144 ) 
4 1 9 (0 32.984779 144 ) (0 160 144 ) (0 160 -24.097561 ) (0 32.984779 -24.097561 ) 
4 1 6 (0 32.984779 -24.097561 ) (0 160 -24.097561 ) (4.984375 160 -24.097561 ) (4.984375 32.984779 -24.097561 ) 
4 1 2 (4.984375 32.984779 59.312500 ) (4.984375 32.984779 144 ) (0 32.984779 144 ) (0 32.984779 59.312500 ) 
4 1 3 (0 32.984779 -24.097561 ) (4.984375 32.984779 -24.097561 ) (4.984375 32.984779 -1.015625 ) (0 32.984779 -1.015625 ) 
4 2 10 (0 21.574623 144 ) (0 32.984779 144 ) (0 32.984779 59.312500 ) (0 21.574623 59.312500 ) 
4 2 4 (4.984375 21.574623 59.312500 ) (4.984375 21.574623 144 ) (0 21.574623 144 ) (0 21.574623 59.312500 ) 
4 3 11 (0 32.984779 -1.015625 ) (0 32.984779 -24.097561 ) (0 21.574623 -24.097561 ) (0 21.574623 -1.015625 ) 
4 3 4 (0 21.574623 -24.097561 ) (4.984375 21.574623 -24.097561 ) (4.984375 21.574623 -1.015625 ) (0 21.574623 -1.015625 ) 
4 4 23 (0 0 43.484375 ) (0 0 -24.097561 ) (4.984375 0 -24.097561 ) (4.984375 0 43.484375 ) 
4 4 19 (4.984375 0 144 ) (0 0 144 ) (0 0 43.484375 ) (4.984375 0 43.484375 ) 
4 4 12 (0 0 -24.097561 ) (0 0 144 ) (0 21.574623 144 ) (0 21.574623 -24.097561 ) 
4 4 8 (0 0 -24.097561 ) (0 21.574623 -24.097561 ) (4.984375 21.574623 -24.097561 ) (4.984375 0 -24.097561 ) 
4 5 18 (160 0 -48 ) (160 0 -24.097561 ) (4.984375 0 -24.097561 ) (4.984375 0 -48 ) 
4 5 7 (4.984375 32.984779 -48 ) (4.984375 21.574623 -48 ) (4.984375 21.574623 -34.480373 ) (4.984375 32.984779 -34.480373 ) 
4 5 6 (4.984375 160 -48 ) (4.984375 32.984779 -48 ) (4.984375 32.984779 -24.097561 ) (4.984375 160 -24.097561 ) 
4 5 8 (4.984375 21.574623 -48 ) (4.984375 0 -48 ) (4.984375 0 -24.097561 ) (4.984375 21.574623 -24.097561 ) 
4 6 14 (0 32.984779 -24.097561 ) (0 160 -24.097561 ) (0 160 -48 ) (0 32.984779 -48 ) 
4 6 7 (0 32.984779 -48 ) (4.984375 32.984779 -48 ) (4.984375 32.984779 -34.480373 ) (0 32.984779 -34.480373 ) 
4 7 15 (0 32.984779 -34.480373 ) (0 32.984779 -48 ) (0 21.574623 -48 ) (0 21.574623 -34.480373 ) 
4 7 8 (0 21.574623 -48 ) (4.984375 21.574623 -48 ) (4.984375 21.574623 -34.480373 ) (0 21.574623 -34.480373 ) 
4 8 29 (0 0 -33.843750 ) (0 0 -48 ) (4.984375 0 -48 ) (4.984375 0 -33.843750 ) 
4 8 23 (4.984375 0 -24.097561 ) (0 0 -24.097561 ) (0 0 -33.843750 ) (4.984375 0 -33.843750 ) 
4 8 16 (0 0 -48 ) (0 0 -24.097561 ) (0 21.574623 -24.097561 ) (0 21.574623 -48 ) 
4 9 14 (-11.562500 32.984779 -24.097561 ) (-11.562500 160 -24.097561 ) (0 160 -24.097561 ) (0 32.984779 -24.097561 ) 
4 9 10 (-11.562500 32.984779 144 ) (-11.562500 32.984779 59.312500 ) (0 32.984779 59.312500 ) (0 32.984779 144 ) 
4 9 11 (-11.562500 32.984779 -1.015625 ) (-11.562500 32.984779 -24.097561 ) (0 32.984779 -24.097561 ) (0 32.984779 -1.015625 ) 
4 9 13 (-11.562500 160 -24.097561 ) (-11.562500 32.984779 -24.097561 ) (-11.562500 32.984779 144 ) (-11.562500 160 144 ) 
4 10 12 (-11.562500 21.574623 144 ) (-11.562500 21.574623 59.312500 ) (0 21.574623 59.312500 ) (0 21.574623 144 ) 
4 10 13 (-11.562500 21.574623 59.312500 ) (-11.562500 21.574623 144 ) (-11.562500 32.984779 144 ) (-11.562500 32.984779 59.312500 ) 
4 11 13 (-11.562500 32.984779 -24.097561 ) (-11.562500 21.574623 -24.097561 ) (-11.562500 21.574623 -1.015625 ) (-11.562500 32.984779 -1.015625 ) 
4 11 12 (-11.562500 21.574623 -1.015625 ) (-11.562500 21.574623 -24.097561 ) (0 21.574623 -24.097561 ) (0 21.574623 -1.015625 ) 
4 12 34 (0 0 -24.097561 ) (0 0 43.484375 ) (-11.562500 0 43.484375 ) (-11.562500 0 -24.097561 ) 
4 12 30 (0 0 43.484375 ) (0 0 144 ) (-11.562500 0 144 ) (-11.562500 0 43.484375 ) 
4 12 16 (0 0 -24.097561 ) (-11.562500 0 -24.097561 ) (-11.562500 21.574623 -24.097561 ) (0 21.574623 -24.097561 ) 
4 12 13 (-11.562500 21.574623 -24.097561 ) (-11.562500 0 -24.097561 ) (-11.562500 0 144 ) (-11.562500 21.574623 144 ) 
4 13 41 (-11.562500 0 144 ) (-160 0 144 ) (-160 0 -24.097561 ) (-11.562500 0 -24.097561 ) 
4 13 17 (-11.562500 0 -24.097561 ) (-160 0 -24.097561 ) (-160 160 -24.097561 ) (-11.562500 160 -24.097561 ) 
4 14 15 (-11.562500 32.984779 -34.480373 ) (-11.562500 32.984779 -48 ) (0 32.984779 -48 ) (0 32.984779 -34.480373 ) 
4 14 17 (-11.562500 160 -48 ) (-11.562500 32.984779 -48 ) (-11.562500 32.984779 -24.097561 ) (-11.562500 160 -24.097561 ) 
4 15 17 (-11.562500 32.984779 -48 ) (-11.562500 21.574623 -48 ) (-11.562500 21.574623 -34.480373 ) (-11.562500 32.984779 -34.480373 ) 
4 15 16 (-11.562500 21.574623 -34.480373 ) (-11.562500 21.574623 -48 ) (0 21.574623 -48 ) (0 21.574623 -34.480373 ) 
4 16 40 (0 0 -48 ) (0 0 -33.843750 ) (-11.562500 0 -33.843750 ) (-11.562500 0 -48 ) 
4 16 34 (0 0 -33.843750 ) (0 0 -24.097561 ) (-11.562500 0 -24.097561 ) (-11.562500 0 -33.843750 ) 
4 16 17 (-11.562500 21.574623 -48 ) (-11.562500 0 -48 ) (-11.562500 0 -24.097561 ) (-11.562500 21.574623 -24.097561 ) 
4 17 41 (-11.562500 0 -24.097561 ) (-160 0 -24.097561 ) (-160 0 -48 ) (-11.562500 0 -48 ) 
4 18 29 (4.984375 0 -33.843750 ) (4.984375 0 -48 ) (4.984375 -160 -48 ) (4.984375 -160 -33.843750 ) 
4 18 27 (4.984375 -98.605286 59.312500 ) (4.984375 -98.605286 144 ) (4.984375 -87.195129 144 ) (4.984375 -87.195129 59.312500 ) 
4 18 28 (4.984375 -98.605286 -33.843750 ) (4.984375 -160 -33.843750 ) (4.984375 -160 144 ) (4.984375 -98.605286 144 ) 
4 18 26 (4.984375 -59.607677 -33.843750 ) (4.984375 -87.195129 -33.843750 ) (4.984375 -87.195129 15.681641 ) (4.984375 -59.607677 15.681641 ) 
4 18 25 (4.984375 -87.195129 27.144531 ) (4.984375 -87.195129 144 ) (4.984375 -48.197521 144 ) (4.984375 -48.197521 27.144531 ) 
4 18 23 (4.984375 0 43.484375 ) (4.984375 0 -33.843750 ) (4.984375 -2.955566 -33.843750 ) (4.984375 -2.955566 43.484375 ) 
4 18 24 (4.984375 -14.365723 -33.843750 ) (4.984375 -48.197521 -33.843750 ) (4.984375 -48.197521 43.484375 ) (4.984375 -14.365723 43.484375 ) 
4 18 20 (4.984375 -14.365723 59.144226 ) (4.984375 -14.365723 144 ) (4.984375 -2.955566 144 ) (4.984375 -2.955566 59.144226 ) 
4 18 21 (4.984375 -2.955566 43.484375 ) (4.984375 -14.365723 43.484375 ) (4.984375 -14.365723 50.101257 ) (4.984375 -2.955566 50.101257 ) 
4 18 19 (4.984375 0 144 ) (4.984375 0 43.484375 ) (4.984375 -2.955566 43.484375 ) (4.984375 -2.955566 144 ) 
4 18 22 (4.984375 -14.365723 43.484375 ) (4.984375 -48.197521 43.484375 ) (4.984375 -48.197521 144 ) (4.984375 -14.365723 144 ) 
4 19 30 (0 0 144 ) (0 0 43.484375 ) (0 -2.955566 43.484375 ) (0 -2.955566 144 ) 
4 19 23 (0 -2.955566 43.484375 ) (0 0 43.484375 ) (4.984375 0 43.484375 ) (4.984375 -2.955566 43.484375 ) 
4 19 20 (4.984375 -2.955566 59.144226 ) (4.984375 -2.955566 144 ) (0 -2.955566 144 ) (0 -2.955566 59.144226 ) 
4 19 21 (0 -2.955566 43.484375 ) (4.984375 -2.955566 43.484375 ) (4.984375 -2.955566 50.101257 ) (0 -2.955566 50.101257 ) 
4 20 31 (0 -14.365723 59.144226 ) (0 -14.365723 144 ) (0 -2.955566 144 ) (0 -2.955566 59.144226 ) 
4 20 22 (4.984375 -14.365723 59.144226 ) (4.984375 -14.365723 144 ) (0 -14.365723 144 ) (0 -14.365723 59.144226 ) 
4 21 32 (0 -2.955566 43.484375 ) (0 -14.365723 43.484375 ) (0 -14.365723 50.101257 ) (0 -2.955566 50.101257 ) 
4 21 22 (0 -14.365723 43.484375 ) (4.984375 -14.365723 43.484375 ) (4.984375 -14.365723 50.101257 ) (0 -14.365723 50.101257 ) 
4 22 33 (0 -14.365723 43.484375 ) (0 -48.197521 43.484375 ) (0 -48.197521 144 ) (0 -14.365723 144 ) 
4 22 25 (0 -48.197521 144 ) (0 -48.197521 43.484375 ) (4.984375 -48.197521 43.484375 ) (4.984375 -48.197521 144 ) 
4 22 24 (4.984375 -48.197521 43.484375 ) (0 -48.197521 43.484375 ) (0 -14.365723 43.484375 ) (4.984375 -14.365723 43.484375 ) 
4 23 34 (0 0 43.484375 ) (0 0 -33.843750 ) (0 -2.955566 -33.843750 ) (0 -2.955566 43.484375 ) 
4 23 29 (0 0 -33.843750 ) (4.984375 0 -33.843750 ) (4.984375 -2.955566 -33.843750 ) (0 -2.955566 -33.843750 ) 
4 24 35 (0 -14.365723 -33.843750 ) (0 -48.197521 -33.843750 ) (0 -48.197521 43.484375 ) (0 -14.365723 43.484375 ) 
4 24 29 (4.984375 -14.365723 -33.843750 ) (4.984375 -48.197521 -33.843750 ) (0 -48.197521 -33.843750 ) (0 -14.365723 -33.843750 ) 
4 24 25 (0 -48.197521 43.484375 ) (0 -48.197521 27.144531 ) (4.984375 -48.197521 27.144531 ) (4.984375 -48.197521 43.484375 ) 
4 25 36 (0 -87.195129 27.144531 ) (0 -87.195129 144 ) (0 -48.197521 144 ) (0 -48.197521 27.144531 ) 
4 25 27 (4.984375 -87.195129 59.312500 ) (4.984375 -87.195129 144 ) (0 -87.195129 144 ) (0 -87.195129 59.312500 ) 
4 26 37 (0 -59.607677 -33.843750 ) (0 -87.195129 -33.843750 ) (0 -87.195129 15.681641 ) (0 -59.607677 15.681641 ) 
4 26 29 (4.984375 -59.607677 -33.843750 ) (4.984375 -87.195129 -33.843750 ) (0 -87.195129 -33.843750 ) (0 -59.607677 -33.843750 ) 
4 27 38 (0 -98.605286 59.312500 ) (0 -98.605286 144 ) (0 -87.195129 144 ) (0 -87.195129 59.312500 ) 
4 27 28 (4.984375 -98.605286 59.312500 ) (4.984375 -98.605286 144 ) (0 -98.605286 144 ) (0 -98.605286 59.312500 ) 
4 28 39 (0 -98.605286 -33.843750 ) (0 -160 -33.843750 ) (0 -160 144 ) (0 -98.605286 144 ) 
4 28 29 (4.984375 -98.605286 -33.843750 ) (4.984375 -160 -33.843750 ) (0 -160 -33.843750 ) (0 -98.605286 -33.843750 ) 
4 29 40 (0 0 -33.843750 ) (0 0 -48 ) (0 -160 -48 ) (0 -160 -33.843750 ) 
4 30 41 (-11.562500 0 144 ) (-11.562500 0 43.484375 ) (-11.562500 -2.955566 43.484375 ) (-11.562500 -2.955566 144 ) 
4 30 34 (-11.562500 -2.955566 43.484375 ) (-11.562500 0 43.484375 ) (0 0 43.484375 ) (0 -2.955566 43.484375 ) 
4 30 31 (0 -2.955566 59.144226 ) (0 -2.955566 144 ) (-11.562500 -2.955566 144 ) (-11.562500 -2.955566 59.144226 ) 
4 30 32 (-11.562500 -2.955566 43.484375 ) (0 -2.955566 43.484375 ) (0 -2.955566 50.101257 ) (-11.562500 -2.955566 50.101257 ) 
4 31 41 (-11.562500 -14.365723 59.144226 ) (-11.562500 -14.365723 144 ) (-11.562500 -2.955566 144 ) (-11.562500 -2.955566 59.144226 ) 
4 31 33 (0 -14.365723 59.144226 ) (0 -14.365723 144 ) (-11.562500 -14.365723 144 ) (-11.562500 -14.365723 59.144226 ) 
4 32 41 (-11.562500 -2.955566 43.484375 ) (-11.562500 -14.365723 43.484375 ) (-11.562500 -14.365723 50.101257 ) (-11.562500 -2.955566 50.101257 ) 
4 32 33 (-11.562500 -14.365723 43.484375 ) (0 -14.365723 43.484375 ) (0 -14.365723 50.101257 ) (-11.562500 -14.365723 50.101257 ) 
4 33 41 (-11.562500 -14.365723 43.484375 ) (-11.562500 -48.197521 43.484375 ) (-11.562500 -48.197521 144 ) (-11.562500 -14.365723 144 ) 
4 33 36 (-11.562500 -48.197521 144 ) (-11.562500 -48.197521 43.484375 ) (0 -48.197521 43.484375 ) (0 -48.197521 144 ) 
4 33 35 (0 -48.197521 43.484375 ) (-11.562500 -48.197521 43.484375 ) (-11.562500 -14.365723 43.484375 ) (0 -14.365723 43.484375 ) 
4 34 41 (-11.562500 0 43.484375 ) (-11.562500 0 -33.843750 ) (-11.562500 -2.955566 -33.843750 ) (-11.562500 -2.955566 43.484375 ) 
4 34 40 (-11.562500 -2.955566 -33.843750 ) (-11.562500 0 -33.843750 ) (0 0 -33.843750 ) (0 -2.955566 -33.843750 ) 
4 35 41 (-11.562500 -14.365723 -33.843750 ) (-11.562500 -48.197521 -33.843750 ) (-11.562500 -48.197521 43.484375 ) (-11.562500 -14.365723 43.484375 ) 
4 35 40 (-11.562500 -48.197521 -33.843750 ) (-11.562500 -14.365723 -33.843750 ) (0 -14.365723 -33.843750 ) (0 -48.197521 -33.843750 ) 
4 35 36 (-11.562500 -48.197521 43.484375 ) (-11.562500 -48.197521 27.144531 ) (0 -48.197521 27.144531 ) (0 -48.197521 43.484375 ) 
4 36 41 (-11.562500 -87.195129 27.144531 ) (-11.562500 -87.195129 144 ) (-11.562500 -48.197521 144 ) (-11.562500 -48.197521 27.144531 ) 
4 36 38 (-11.562500 -87.195129 144 ) (-11.562500 -87.195129 59.312500 ) (0 -87.195129 59.312500 ) (0 -87.195129 144 ) 
4 37 41 (-11.562500 -59.607677 -33.843750 ) (-11.562500 -87.195129 -33.843750 ) (-11.562500 -87.195129 15.681641 ) (-11.562500 -59.607677 15.681641 ) 
4 37 40 (-11.562500 -87.195129 -33.843750 ) (-11.562500 -59.607677 -33.843750 ) (0 -59.607677 -33.843750 ) (0 -87.195129 -33.843750 ) 
4 38 41 (-11.562500 -98.605286 59.312500 ) (-11.562500 -98.605286 144 ) (-11.562500 -87.195129 144 ) (-11.562500 -87.195129 59.312500 ) 
4 38 39 (0 -98.605286 59.312500 ) (0 -98.605286 144 ) (-11.562500 -98.605286 144 ) (-11.562500 -98.605286 59.312500 ) 
4 39 41 (-11.562500 -98.605286 -33.843750 ) (-11.562500 -160 -33.843750 ) (-11.562500 -160 144 ) (-11.562500 -98.605286 144 ) 
4 39 40 (0 -160 -33.843750 ) (-11.562500 -160 -33.843750 ) (-11.562500 -98.605286 -33.843750 ) (0 -98.605286 -33.843750 ) 
4 40 41 (-11.562500 0 -33.843750 ) (-11.562500 0 -48 ) (-11.562500 -160 -48 ) (-11.562500 -160 -33.843750 ) 
