


Using shader api: shaderapiempty.dll
materialPath: Z:\home\donovanb\steam\steam\steamapps\common\Portal\portal\materials
Loading Z:\home\donovanb\test-project-2\output.vmf
ConVarRef mat_specular_scalar doesn't point to an existing ConVar
Could not locate 'GameData' key in z:\home\donovanb\steam\steam\steamapps\common\portal\portal\gameinfo.txt
fixing up env_cubemap materials on brush sides...
0...1...2...3...4...5...6...7...8...9...100...1...2...3...4...5...6...7...8...9...10Processing areas...done (0)
Building Faces...done (0)
FixTjuncs...
PruneNodes...
WriteBSP...
done (0)
writing Z:\home\donovanb\test-project-2\output.prt...Building visibility clusters...
done (0)
Creating default LDR cubemaps for env_cubemap using skybox materials:
   skybox/sky_day01_01*.vmt
 ! Run buildcubemaps in the engine to get the correct cube maps.
Creating default HDR cubemaps for env_cubemap using skybox materials:
   skybox/sky_day01_01*.vmt
 ! Run buildcubemaps in the engine to get the correct cube maps.
Finding displacement neighbors...
Finding lightmap sample positions...
Displacement Alpha : 0...1...2...3...4...5...6...7...8...9...10
Building Physics collision data...
done (0) (5015 bytes)
Placing detail props : 0...1...2...3...4...5...6...7...8...9...10
Compacting texture/material tables...
Reduced 6 texinfos to 4
Reduced 2 texdatas to 2 (44 bytes to 44)
Writing Z:\home\donovanb\test-project-2\output.bsp
0 seconds elapsed



24 threads
reading z:\home\donovanb\test-project-2\output.bsp
reading z:\home\donovanb\test-project-2\output.prt
  42 portalclusters
 120 numportals
0...1...2...3...4...5...6...7...8...9...100...1...2...3...4...5...6...7...8...9...10Optimized: 2 visible clusters (0.13%)
Total clusters visible: 1570
Average clusters visible: 37
Building PAS...
Average clusters audible: 42
visdatasize:844  compressed from 672
writing z:\home\donovanb\test-project-2\output.bsp
0 seconds elapsed



[Reading texlights from 'lights.rad']
[53 texlights parsed from 'lights.rad']

Loading z:\home\donovanb\test-project-2\output.bsp
90 faces
13094 square feet [1885575.00 square inches]
0 Displacements
0 Square Feet [0.00 Square Inches]
90 patches before subdivision
722 patches after subdivision
1 direct lights
0...1...2...3...4...5...6...7...8...9...100...1...2...3...4...5...6...7...8...9...10transfers 17753, max 175
transfer lists:   0.1 megs
0...1...2...3...4...5...6...7...8...9...10	Bounce #1 added RGB(51, 50, 50)
0...1...2...3...4...5...6...7...8...9...10	Bounce #2 added RGB(2, 2, 2)
0...1...2...3...4...5...6...7...8...9...10	Bounce #3 added RGB(0, 0, 0)
Build Patch/Sample Hash Table(s).....Done<0.0001 sec>
0...1...2...3...4...5...6...7...8...9...10FinalLightFace Done
0 of 0 (0% of) surface lights went in leaf ambient cubes.
0...1...2...3...4...5...6...7...8...9...10Writing leaf ambient...done
Ready to Finish

Object names       Objects/Maxobjs  Memory / Maxmem  Fullness 
------------       ---------------  ---------------  -------- 
models                   1/2048           48/98304    ( 0.0%) 
brushes                 13/16384         156/196608   ( 0.1%) 
brushsides              78/65536         624/524288   ( 0.1%) 
planes                  82/65536        1640/1310720  ( 0.1%) 
vertexes               135/65536        1620/786432   ( 0.2%) 
nodes                   87/65536        2784/2097152  ( 0.1%) 
texinfos                 4/16384         288/1179648  ( 0.0%) 
texdata                  2/8096           64/259072   ( 0.0%) 
dispinfos                0/0               0/0        ( 0.0%) 
disp_verts               0/0               0/0        ( 0.0%) 
disp_tris                0/0               0/0        ( 0.0%) 
disp_lmsamples           0/0               0/0        ( 0.0%) 
faces                   90/65536        5040/3670016  ( 0.1%) 
hdr faces                0/65536           0/3670016  ( 0.0%) 
origfaces               45/65536        2520/3670016  ( 0.1%) 
leaves                  89/65536        2848/2097152  ( 0.1%) 
leaffaces              116/65536         232/131072   ( 0.2%) 
leafbrushes             38/65536          76/131072   ( 0.1%) 
areas                    2/256            16/2048     ( 0.8%) 
surfedges              560/512000       2240/2048000  ( 0.1%) 
edges                  298/256000       1192/1024000  ( 0.1%) 
LDR worldlights          1/8192           88/720896   ( 0.0%) 
HDR worldlights          0/8192            0/720896   ( 0.0%) 
leafwaterdata            0/32768           0/393216   ( 0.0%) 
waterstrips              2/32768          20/327680   ( 0.0%) 
waterverts               0/65536           0/786432   ( 0.0%) 
waterindices            24/65536          48/131072   ( 0.0%) 
cubemapsamples           0/1024            0/16384    ( 0.0%) 
overlays                 0/512             0/180224   ( 0.0%) 
LDR lightdata         [variable]       12328/0        ( 0.0%) 
HDR lightdata         [variable]           0/0        ( 0.0%) 
visdata               [variable]         844/16777216 ( 0.0%) 
entdata               [variable]         574/393216   ( 0.1%) 
LDR ambient table       89/65536         356/262144   ( 0.1%) 
HDR ambient table       89/65536         356/262144   ( 0.1%) 
LDR leaf ambient       125/65536        3500/1835008  ( 0.2%) 
HDR leaf ambient        89/65536        2492/1835008  ( 0.1%) 
occluders                0/0               0/0        ( 0.0%) 
occluder polygons        0/0               0/0        ( 0.0%) 
occluder vert ind        0/0               0/0        ( 0.0%) 
detail props          [variable]           1/12       ( 8.3%) 
static props          [variable]           1/12       ( 8.3%) 
pakfile               [variable]      105655/0        ( 0.0%) 
physics               [variable]        5015/4194304  ( 0.1%) 
physics terrain       [variable]           2/1048576  ( 0.0%) 

Level flags = 0

Total triangle count: 200
Writing z:\home\donovanb\test-project-2\output.bsp
0 seconds elapsed



materialPath: Z:\home\donovanb\.steam\steam\steamapps\common\GarrysMod\garrysmod\materials
Loading Z:\home\donovanb\test-project-2\output.vmf
fixing up env_cubemap materials on brush sides...
ProcessBlock_Thread: 0...1...2...3...4...5...6...7...8...9...10 (0)
ProcessBlock_Thread: 0...1...2...3...4...5...6...7...8...9...10 (0)
Processing areas...done (0)
Building Faces...done (0)
FixTjuncs...
PruneNodes...
WriteBSP...
done (0)
writing Z:\home\donovanb\test-project-2\output.prt...
Building visibility clusters...
done (0)
Creating default LDR cubemaps for env_cubemap using skybox materials:
   skybox/sky_day01_01*.vmt
 ! Run buildcubemaps in the engine to get the correct cube maps.
*** Error: Skybox vtf files for skybox/sky_day01_01 weren't compiled with the same size texture and/or same flags!
Can't load skybox file skybox/sky_day01_01 to build the default cubemap!
Finding displacement neighbors...
Finding lightmap sample positions...
Displacement Alpha : 0...1...2...3...4...5...6...7...8...9...10
Building Physics collision data...
done (0) (5343 bytes)
Placing detail props : 0...1...2...3...4...5...6...7...8...9...10
Compacting texture/material tables...
Reduced 6 texinfos to 4
Reduced 2 texdatas to 2 (44 bytes to 44)
Writing Z:\home\donovanb\test-project-2\output.bsp
0 seconds elapsed



24 threads
reading z:\home\donovanb\test-project-2\output.bsp
reading z:\home\donovanb\test-project-2\output.prt
  42 portalclusters
 112 numportals
BasePortalVis:       0...1...2...3...4...5...6...7...8...9...10 (0)
PortalFlow:          0...1...2...3...4...5...6...7...8...9...10 (0)
Optimized: 2 visible clusters (0.13%)
Total clusters visible: 1562
Average clusters visible: 37
Building PAS...
Average clusters audible: 42
visdatasize:844  compressed from 672
writing z:\home\donovanb\test-project-2\output.bsp
0 seconds elapsed



[Reading texlights from 'lights.rad']
[51 texlights parsed from 'lights.rad']
Loading z:\home\donovanb\test-project-2\output.bsp
BuildFacelights:     0...1...2...3...4...5...6...7...8...9...10 (0)
BuildVisLeafs:       0...1...2...3...4...5...6...7...8...9...10 (0)
transfers 5921, max 74
GatherLight:         0...1...2...3...4...5...6...7...8...9...10 (0)
Build Patch/Sample Hash Table(s).....Done<0.0000 sec>
FinalLightFace:      0...1...2...3...4...5...6...7...8...9...10 (0)
FinalLightFace Done
0 of 0 (0% of) surface lights went in leaf ambient cubes.
ThreadComputeLeafAmbient: 0...1...2...3...4...5...6...7...8...9...10 (0)
Writing leaf ambient...done
Ready to Finish

Object names       Objects/Maxobjs  Memory / Maxmem  Fullness 
------------       ---------------  ---------------  -------- 
models                   1/4096           48/196608   ( 0.0%) 
brushes                 14/65535         168/786420   ( 0.0%) 
brushsides              84/655350        672/5242800  ( 0.0%) 
planes                  84/65536        1680/1310720  ( 0.1%) 
vertexes               135/65536        1620/786432   ( 0.2%) 
nodes                   87/65536        2784/2097152  ( 0.1%) 
texinfos                 4/16384         288/1179648  ( 0.0%) 
texdata                  2/8192           64/262144   ( 0.0%) 
dispinfos                0/0               0/0        ( 0.0%) 
disp_verts               0/0               0/0        ( 0.0%) 
disp_tris                0/0               0/0        ( 0.0%) 
disp_multiblend          0/0               0/0        ( 0.0%) 
disp_lmsamples           0/0               0/0        ( 0.0%) 
faces                   90/65536        5040/3670016  ( 0.1%) 
hdr faces                0/65536           0/3670016  ( 0.0%) 
origfaces               45/65536        2520/3670016  ( 0.1%) 
leaves                  89/65536        2848/2097152  ( 0.1%) 
leaffaces              120/65536         240/131072   ( 0.2%) 
leafbrushes             52/65536         104/131072   ( 0.1%) 
areas                    2/1024           16/8192     ( 0.2%) 
surfedges              560/512000       2240/2048000  ( 0.1%) 
edges                  298/256000       1192/1024000  ( 0.1%) 
LDR worldlights          1/8192           88/720896   ( 0.0%) 
HDR worldlights          0/8192            0/720896   ( 0.0%) 
leafwaterdata            0/32768           0/393216   ( 0.0%) 
waterstrips              2/32768          20/327680   ( 0.0%) 
waterverts               0/65536           0/786432   ( 0.0%) 
waterindices            24/65536          48/131072   ( 0.0%) 
cubemapsamples           0/1024            0/16384    ( 0.0%) 
overlays                 0/8192            0/2883584  ( 0.0%) 
LDR lightdata         [variable]        4728/0        ( 0.0%) 
HDR lightdata         [variable]           0/0        ( 0.0%) 
visdata               [variable]         844/16777216 ( 0.0%) 
entdata               [variable]         504/4194304  ( 0.0%) 
LDR ambient table       89/65536         356/262144   ( 0.1%) 
HDR ambient table       89/65536         356/262144   ( 0.1%) 
LDR leaf ambient        42/65536        1176/1835008  ( 0.1%) 
HDR leaf ambient        89/65536        2492/1835008  ( 0.1%) 
occluders                0/0               0/0        ( 0.0%) 
occluder polygons        0/0               0/0        ( 0.0%) 
occluder vert ind        0/0               0/0        ( 0.0%) 
detail props          [variable]          12/0        ( 0.0%) 
static props          [variable]          12/0        ( 0.0%) 
static prop count        0/16384           0/0        ( 0.0%) 
pakfile               [variable]       24868/0        ( 0.0%) 
physics               [variable]        5343/4194304  ( 0.1%) 
physics terrain       [variable]           2/1048576  ( 0.0%) 

Level flags = 0

Total triangle count: 200
Writing z:\home\donovanb\test-project-2\output.bsp
0 seconds elapsed




Using shader api: shaderapiempty.dll
materialPath: Z:\home\donovanb\steam\steam\steamapps\sourcemods\portal_no_puzzles\materials
Loading Z:\home\donovanb\test-project-2\output.vmf
ConVarRef mat_specular_scalar doesn't point to an existing ConVar
Could not locate 'GameData' key in z:\home\donovanb\steam\steam\steamapps\sourcemods\portal_no_puzzles\gameinfo.txt
fixing up env_cubemap materials on brush sides...
0...1...2...3...4...5...6...7...8...9...100...1...2...3...4...5...6...7...8...9...10Processing areas...done (0)
Building Faces...done (0)
FixTjuncs...
PruneNodes...
WriteBSP...
done (0)
writing Z:\home\donovanb\test-project-2\output.prt...Building visibility clusters...
done (0)
Creating default LDR cubemaps for env_cubemap using skybox materials:
   skybox/sky_day01_01*.vmt
 ! Run buildcubemaps in the engine to get the correct cube maps.
Creating default HDR cubemaps for env_cubemap using skybox materials:
   skybox/sky_day01_01*.vmt
 ! Run buildcubemaps in the engine to get the correct cube maps.
Finding displacement neighbors...
Finding lightmap sample positions...
Displacement Alpha : 0...1...2...3...4...5...6...7...8...9...10
Building Physics collision data...
done (0) (5897 bytes)
Placing detail props : 0...1...2...3...4...5...6...7...8...9...10
Compacting texture/material tables...
Reduced 9 texinfos to 7
Reduced 3 texdatas to 3 (63 bytes to 63)
Writing Z:\home\donovanb\test-project-2\output.bsp
0 seconds elapsed



24 threads
reading z:\home\donovanb\test-project-2\output.bsp
reading z:\home\donovanb\test-project-2\output.prt
  42 portalclusters
 112 numportals
0...1...2...3...4...5...6...7...8...9...100...1...2...3...4...5...6...7...8...9...10Optimized: 2 visible clusters (0.13%)
Total clusters visible: 1562
Average clusters visible: 37
Building PAS...
Average clusters audible: 42
visdatasize:844  compressed from 672
writing z:\home\donovanb\test-project-2\output.bsp
0 seconds elapsed



[Reading texlights from 'lights.rad']
[53 texlights parsed from 'lights.rad']

Loading z:\home\donovanb\test-project-2\output.bsp
96 faces
3675 square feet [529311.06 square inches]
0 Displacements
0 Square Feet [0.00 Square Inches]
96 patches before subdivision
248 patches after subdivision
0 direct lights
0...1...2...3...4...5...6...7...8...9...100...1...2...3...4...5...6...7...8...9...10transfers 6086, max 74
transfer lists:   0.0 megs
0...1...2...3...4...5...6...7...8...9...10	Bounce #1 added RGB(0, 0, 0)
Build Patch/Sample Hash Table(s).....Done<0.0000 sec>
0...1...2...3...4...5...6...7...8...9...10FinalLightFace Done
0 of 0 (0% of) surface lights went in leaf ambient cubes.
0...1...2...3...4...5...6...7...8...9...10Writing leaf ambient...done
Ready to Finish

Object names       Objects/Maxobjs  Memory / Maxmem  Fullness 
------------       ---------------  ---------------  -------- 
models                   2/2048           96/98304    ( 0.1%) 
brushes                 15/16384         180/196608   ( 0.1%) 
brushsides              90/65536         720/524288   ( 0.1%) 
planes                 104/65536        2080/1310720  ( 0.2%) 
vertexes               143/65536        1716/786432   ( 0.2%) 
nodes                   93/65536        2976/2097152  ( 0.1%) 
texinfos                 7/16384         504/1179648  ( 0.0%) 
texdata                  3/8096           96/259072   ( 0.0%) 
dispinfos                0/0               0/0        ( 0.0%) 
disp_verts               0/0               0/0        ( 0.0%) 
disp_tris                0/0               0/0        ( 0.0%) 
disp_lmsamples           0/0               0/0        ( 0.0%) 
faces                   96/65536        5376/3670016  ( 0.1%) 
hdr faces                0/65536           0/3670016  ( 0.0%) 
origfaces               51/65536        2856/3670016  ( 0.1%) 
leaves                  96/65536        3072/2097152  ( 0.1%) 
leaffaces              126/65536         252/131072   ( 0.2%) 
leafbrushes             53/65536         106/131072   ( 0.1%) 
areas                    2/256            16/2048     ( 0.8%) 
surfedges              608/512000       2432/2048000  ( 0.1%) 
edges                  322/256000       1288/1024000  ( 0.1%) 
LDR worldlights          0/8192            0/720896   ( 0.0%) 
HDR worldlights          0/8192            0/720896   ( 0.0%) 
leafwaterdata            0/32768           0/393216   ( 0.0%) 
waterstrips              2/32768          20/327680   ( 0.0%) 
waterverts               0/65536           0/786432   ( 0.0%) 
waterindices            24/65536          48/131072   ( 0.0%) 
cubemapsamples           0/1024            0/16384    ( 0.0%) 
overlays                 0/512             0/180224   ( 0.0%) 
LDR lightdata         [variable]        4728/0        ( 0.0%) 
HDR lightdata         [variable]           0/0        ( 0.0%) 
visdata               [variable]         844/16777216 ( 0.0%) 
entdata               [variable]         742/393216   ( 0.2%) 
LDR ambient table       96/65536         384/262144   ( 0.1%) 
HDR ambient table       96/65536         384/262144   ( 0.1%) 
LDR leaf ambient        48/65536        1344/1835008  ( 0.1%) 
HDR leaf ambient        96/65536        2688/1835008  ( 0.1%) 
occluders                0/0               0/0        ( 0.0%) 
occluder polygons        0/0               0/0        ( 0.0%) 
occluder vert ind        0/0               0/0        ( 0.0%) 
detail props          [variable]           1/12       ( 8.3%) 
static props          [variable]           1/12       ( 8.3%) 
pakfile               [variable]      105655/0        ( 0.0%) 
physics               [variable]        5897/4194304  ( 0.1%) 
physics terrain       [variable]           2/1048576  ( 0.0%) 

Level flags = 0

Total triangle count: 212
Writing z:\home\donovanb\test-project-2\output.bsp
0 seconds elapsed



Using shader api: shaderapiempty.dll
materialPath: Z:\home\donovanb\steam\steam\steamapps\sourcemods\portal_no_puzzles\materials
Loading Z:\home\donovanb\test-project-2\output.vmf
ConVarRef mat_specular_scalar doesn't point to an existing ConVar
Could not locate 'GameData' key in z:\home\donovanb\steam\steam\steamapps\sourcemods\portal_no_puzzles\gameinfo.txt
fixing up env_cubemap materials on brush sides...
0...1...2...3...4...5...6...7...8...9...100...1...2...3...4...5...6...7...8...9...10Processing areas...done (0)
Building Faces...done (0)
FixTjuncs...
PruneNodes...
WriteBSP...
done (0)
writing Z:\home\donovanb\test-project-2\output.prt...Building visibility clusters...
done (0)
Creating default LDR cubemaps for env_cubemap using skybox materials:
   skybox/sky_day01_01*.vmt
 ! Run buildcubemaps in the engine to get the correct cube maps.
Creating default HDR cubemaps for env_cubemap using skybox materials:
   skybox/sky_day01_01*.vmt
 ! Run buildcubemaps in the engine to get the correct cube maps.
Finding displacement neighbors...
Finding lightmap sample positions...
Displacement Alpha : 0...1...2...3...4...5...6...7...8...9...10
Building Physics collision data...
done (0) (5897 bytes)
Placing detail props : 0...1...2...3...4...5...6...7...8...9...10
Compacting texture/material tables...
Reduced 9 texinfos to 7
Reduced 3 texdatas to 3 (63 bytes to 63)
Writing Z:\home\donovanb\test-project-2\output.bsp
0 seconds elapsed



24 threads
reading z:\home\donovanb\test-project-2\output.bsp
reading z:\home\donovanb\test-project-2\output.prt
  42 portalclusters
 112 numportals
0...1...2...3...4...5...6...7...8...9...100...1...2...3...4...5...6...7...8...9...10Optimized: 2 visible clusters (0.13%)
Total clusters visible: 1562
Average clusters visible: 37
Building PAS...
Average clusters audible: 42
visdatasize:844  compressed from 672
writing z:\home\donovanb\test-project-2\output.bsp
0 seconds elapsed



[Reading texlights from 'lights.rad']
[53 texlights parsed from 'lights.rad']

Loading z:\home\donovanb\test-project-2\output.bsp
96 faces
3675 square feet [529311.06 square inches]
0 Displacements
0 Square Feet [0.00 Square Inches]
96 patches before subdivision
248 patches after subdivision
0 direct lights
0...1...2...3...4...5...6...7...8...9...100...1...2...3...4...5...6...7...8...9...10transfers 6086, max 74
transfer lists:   0.0 megs
0...1...2...3...4...5...6...7...8...9...10	Bounce #1 added RGB(0, 0, 0)
Build Patch/Sample Hash Table(s).....Done<0.0001 sec>
0...1...2...3...4...5...6...7...8...9...10FinalLightFace Done
0 of 0 (0% of) surface lights went in leaf ambient cubes.
0...1...2...3...4...5...6...7...8...9...10Writing leaf ambient...done
Ready to Finish

Object names       Objects/Maxobjs  Memory / Maxmem  Fullness 
------------       ---------------  ---------------  -------- 
models                   2/2048           96/98304    ( 0.1%) 
brushes                 15/16384         180/196608   ( 0.1%) 
brushsides              90/65536         720/524288   ( 0.1%) 
planes                 104/65536        2080/1310720  ( 0.2%) 
vertexes               143/65536        1716/786432   ( 0.2%) 
nodes                   93/65536        2976/2097152  ( 0.1%) 
texinfos                 7/16384         504/1179648  ( 0.0%) 
texdata                  3/8096           96/259072   ( 0.0%) 
dispinfos                0/0               0/0        ( 0.0%) 
disp_verts               0/0               0/0        ( 0.0%) 
disp_tris                0/0               0/0        ( 0.0%) 
disp_lmsamples           0/0               0/0        ( 0.0%) 
faces                   96/65536        5376/3670016  ( 0.1%) 
hdr faces                0/65536           0/3670016  ( 0.0%) 
origfaces               51/65536        2856/3670016  ( 0.1%) 
leaves                  96/65536        3072/2097152  ( 0.1%) 
leaffaces              126/65536         252/131072   ( 0.2%) 
leafbrushes             53/65536         106/131072   ( 0.1%) 
areas                    2/256            16/2048     ( 0.8%) 
surfedges              608/512000       2432/2048000  ( 0.1%) 
edges                  322/256000       1288/1024000  ( 0.1%) 
LDR worldlights          0/8192            0/720896   ( 0.0%) 
HDR worldlights          0/8192            0/720896   ( 0.0%) 
leafwaterdata            0/32768           0/393216   ( 0.0%) 
waterstrips              2/32768          20/327680   ( 0.0%) 
waterverts               0/65536           0/786432   ( 0.0%) 
waterindices            24/65536          48/131072   ( 0.0%) 
cubemapsamples           0/1024            0/16384    ( 0.0%) 
overlays                 0/512             0/180224   ( 0.0%) 
LDR lightdata         [variable]        4728/0        ( 0.0%) 
HDR lightdata         [variable]           0/0        ( 0.0%) 
visdata               [variable]         844/16777216 ( 0.0%) 
entdata               [variable]         919/393216   ( 0.2%) 
LDR ambient table       96/65536         384/262144   ( 0.1%) 
HDR ambient table       96/65536         384/262144   ( 0.1%) 
LDR leaf ambient        48/65536        1344/1835008  ( 0.1%) 
HDR leaf ambient        96/65536        2688/1835008  ( 0.1%) 
occluders                0/0               0/0        ( 0.0%) 
occluder polygons        0/0               0/0        ( 0.0%) 
occluder vert ind        0/0               0/0        ( 0.0%) 
detail props          [variable]           1/12       ( 8.3%) 
static props          [variable]           1/12       ( 8.3%) 
pakfile               [variable]      105655/0        ( 0.0%) 
physics               [variable]        5897/4194304  ( 0.1%) 
physics terrain       [variable]           2/1048576  ( 0.0%) 

Level flags = 0

Total triangle count: 212
Writing z:\home\donovanb\test-project-2\output.bsp
0 seconds elapsed



Using shader api: shaderapiempty.dll
materialPath: Z:\home\donovanb\steam\steam\steamapps\sourcemods\portal_no_puzzles\materials
Loading Z:\home\donovanb\test-project-2\output.vmf
ConVarRef mat_specular_scalar doesn't point to an existing ConVar
Could not locate 'GameData' key in z:\home\donovanb\steam\steam\steamapps\sourcemods\portal_no_puzzles\gameinfo.txt
fixing up env_cubemap materials on brush sides...
0...1...2...3...4...5...6...7...8...9...100...1...2...3...4...5...6...7...8...9...10Processing areas...done (0)
Building Faces...done (0)
FixTjuncs...
PruneNodes...
WriteBSP...
done (0)
writing Z:\home\donovanb\test-project-2\output.prt...Building visibility clusters...
done (0)
Creating default LDR cubemaps for env_cubemap using skybox materials:
   skybox/sky_day01_01*.vmt
 ! Run buildcubemaps in the engine to get the correct cube maps.
Creating default HDR cubemaps for env_cubemap using skybox materials:
   skybox/sky_day01_01*.vmt
 ! Run buildcubemaps in the engine to get the correct cube maps.
Finding displacement neighbors...
Finding lightmap sample positions...
Displacement Alpha : 0...1...2...3...4...5...6...7...8...9...10
Building Physics collision data...
done (0) (5897 bytes)
Placing detail props : 0...1...2...3...4...5...6...7...8...9...10
Compacting texture/material tables...
Reduced 9 texinfos to 7
Reduced 3 texdatas to 3 (63 bytes to 63)
Writing Z:\home\donovanb\test-project-2\output.bsp
0 seconds elapsed



24 threads
reading z:\home\donovanb\test-project-2\output.bsp
reading z:\home\donovanb\test-project-2\output.prt
  42 portalclusters
 112 numportals
0...1...2...3...4...5...6...7...8...9...100...1...2...3...4...5...6...7...8...9...10Optimized: 2 visible clusters (0.13%)
Total clusters visible: 1562
Average clusters visible: 37
Building PAS...
Average clusters audible: 42
visdatasize:844  compressed from 672
writing z:\home\donovanb\test-project-2\output.bsp
0 seconds elapsed



[Reading texlights from 'lights.rad']
[53 texlights parsed from 'lights.rad']

Loading z:\home\donovanb\test-project-2\output.bsp
96 faces
3675 square feet [529311.06 square inches]
0 Displacements
0 Square Feet [0.00 Square Inches]
96 patches before subdivision
248 patches after subdivision
0 direct lights
0...1...2...3...4...5...6...7...8...9...100...1...2...3...4...5...6...7...8...9...10transfers 6086, max 74
transfer lists:   0.0 megs
0...1...2...3...4...5...6...7...8...9...10	Bounce #1 added RGB(0, 0, 0)
Build Patch/Sample Hash Table(s).....Done<0.0001 sec>
0...1...2...3...4...5...6...7...8...9...10FinalLightFace Done
0 of 0 (0% of) surface lights went in leaf ambient cubes.
0...1...2...3...4...5...6...7...8...9...10Writing leaf ambient...done
Ready to Finish

Object names       Objects/Maxobjs  Memory / Maxmem  Fullness 
------------       ---------------  ---------------  -------- 
models                   2/2048           96/98304    ( 0.1%) 
brushes                 15/16384         180/196608   ( 0.1%) 
brushsides              90/65536         720/524288   ( 0.1%) 
planes                 104/65536        2080/1310720  ( 0.2%) 
vertexes               143/65536        1716/786432   ( 0.2%) 
nodes                   93/65536        2976/2097152  ( 0.1%) 
texinfos                 7/16384         504/1179648  ( 0.0%) 
texdata                  3/8096           96/259072   ( 0.0%) 
dispinfos                0/0               0/0        ( 0.0%) 
disp_verts               0/0               0/0        ( 0.0%) 
disp_tris                0/0               0/0        ( 0.0%) 
disp_lmsamples           0/0               0/0        ( 0.0%) 
faces                   96/65536        5376/3670016  ( 0.1%) 
hdr faces                0/65536           0/3670016  ( 0.0%) 
origfaces               51/65536        2856/3670016  ( 0.1%) 
leaves                  96/65536        3072/2097152  ( 0.1%) 
leaffaces              126/65536         252/131072   ( 0.2%) 
leafbrushes             53/65536         106/131072   ( 0.1%) 
areas                    2/256            16/2048     ( 0.8%) 
surfedges              608/512000       2432/2048000  ( 0.1%) 
edges                  322/256000       1288/1024000  ( 0.1%) 
LDR worldlights          0/8192            0/720896   ( 0.0%) 
HDR worldlights          0/8192            0/720896   ( 0.0%) 
leafwaterdata            0/32768           0/393216   ( 0.0%) 
waterstrips              2/32768          20/327680   ( 0.0%) 
waterverts               0/65536           0/786432   ( 0.0%) 
waterindices            24/65536          48/131072   ( 0.0%) 
cubemapsamples           0/1024            0/16384    ( 0.0%) 
overlays                 0/512             0/180224   ( 0.0%) 
LDR lightdata         [variable]        4728/0        ( 0.0%) 
HDR lightdata         [variable]           0/0        ( 0.0%) 
visdata               [variable]         844/16777216 ( 0.0%) 
entdata               [variable]        1090/393216   ( 0.3%) 
LDR ambient table       96/65536         384/262144   ( 0.1%) 
HDR ambient table       96/65536         384/262144   ( 0.1%) 
LDR leaf ambient        48/65536        1344/1835008  ( 0.1%) 
HDR leaf ambient        96/65536        2688/1835008  ( 0.1%) 
occluders                0/0               0/0        ( 0.0%) 
occluder polygons        0/0               0/0        ( 0.0%) 
occluder vert ind        0/0               0/0        ( 0.0%) 
detail props          [variable]           1/12       ( 8.3%) 
static props          [variable]           1/12       ( 8.3%) 
pakfile               [variable]      105655/0        ( 0.0%) 
physics               [variable]        5897/4194304  ( 0.1%) 
physics terrain       [variable]           2/1048576  ( 0.0%) 

Level flags = 0

Total triangle count: 212
Writing z:\home\donovanb\test-project-2\output.bsp
0 seconds elapsed



Using shader api: shaderapiempty.dll
materialPath: Z:\home\donovanb\steam\steam\steamapps\sourcemods\portal_no_puzzles\materials
Loading Z:\home\donovanb\test-project-2\output.vmf
ConVarRef mat_specular_scalar doesn't point to an existing ConVar
Could not locate 'GameData' key in z:\home\donovanb\steam\steam\steamapps\sourcemods\portal_no_puzzles\gameinfo.txt
fixing up env_cubemap materials on brush sides...
0...1...2...3...4...5...6...7...8...9...100...1...2...3...4...5...6...7...8...9...10Processing areas...done (0)
Building Faces...done (0)
FixTjuncs...
PruneNodes...
WriteBSP...
done (0)
writing Z:\home\donovanb\test-project-2\output.prt...Building visibility clusters...
done (0)
Creating default LDR cubemaps for env_cubemap using skybox materials:
   skybox/sky_day01_01*.vmt
 ! Run buildcubemaps in the engine to get the correct cube maps.
Creating default HDR cubemaps for env_cubemap using skybox materials:
   skybox/sky_day01_01*.vmt
 ! Run buildcubemaps in the engine to get the correct cube maps.
Finding displacement neighbors...
Finding lightmap sample positions...
Displacement Alpha : 0...1...2...3...4...5...6...7...8...9...10
Building Physics collision data...
done (0) (5897 bytes)
Placing detail props : 0...1...2...3...4...5...6...7...8...9...10
Compacting texture/material tables...
Reduced 12 texinfos to 7
Reduced 3 texdatas to 3 (63 bytes to 63)
Writing Z:\home\donovanb\test-project-2\output.bsp
0 seconds elapsed



24 threads
reading z:\home\donovanb\test-project-2\output.bsp
reading z:\home\donovanb\test-project-2\output.prt
  42 portalclusters
 112 numportals
0...1...2...3...4...5...6...7...8...9...100...1...2...3...4...5...6...7...8...9...10Optimized: 2 visible clusters (0.13%)
Total clusters visible: 1562
Average clusters visible: 37
Building PAS...
Average clusters audible: 42
visdatasize:844  compressed from 672
writing z:\home\donovanb\test-project-2\output.bsp
0 seconds elapsed



[Reading texlights from 'lights.rad']
[53 texlights parsed from 'lights.rad']

Loading z:\home\donovanb\test-project-2\output.bsp
96 faces
3675 square feet [529311.13 square inches]
0 Displacements
0 Square Feet [0.00 Square Inches]
96 patches before subdivision
248 patches after subdivision
0 direct lights
0...1...2...3...4...5...6...7...8...9...100...1...2...3...4...5...6...7...8...9...10transfers 6086, max 74
transfer lists:   0.0 megs
0...1...2...3...4...5...6...7...8...9...10	Bounce #1 added RGB(0, 0, 0)
Build Patch/Sample Hash Table(s).....Done<0.0000 sec>
0...1...2...3...4...5...6...7...8...9...10FinalLightFace Done
0 of 0 (0% of) surface lights went in leaf ambient cubes.
0...1...2...3...4...5...6...7...8...9...10Writing leaf ambient...done
Ready to Finish

Object names       Objects/Maxobjs  Memory / Maxmem  Fullness 
------------       ---------------  ---------------  -------- 
models                   2/2048           96/98304    ( 0.1%) 
brushes                 15/16384         180/196608   ( 0.1%) 
brushsides              90/65536         720/524288   ( 0.1%) 
planes                 116/65536        2320/1310720  ( 0.2%) 
vertexes               143/65536        1716/786432   ( 0.2%) 
nodes                   93/65536        2976/2097152  ( 0.1%) 
texinfos                 7/16384         504/1179648  ( 0.0%) 
texdata                  3/8096           96/259072   ( 0.0%) 
dispinfos                0/0               0/0        ( 0.0%) 
disp_verts               0/0               0/0        ( 0.0%) 
disp_tris                0/0               0/0        ( 0.0%) 
disp_lmsamples           0/0               0/0        ( 0.0%) 
faces                   96/65536        5376/3670016  ( 0.1%) 
hdr faces                0/65536           0/3670016  ( 0.0%) 
origfaces               51/65536        2856/3670016  ( 0.1%) 
leaves                  96/65536        3072/2097152  ( 0.1%) 
leaffaces              126/65536         252/131072   ( 0.2%) 
leafbrushes             53/65536         106/131072   ( 0.1%) 
areas                    2/256            16/2048     ( 0.8%) 
surfedges              608/512000       2432/2048000  ( 0.1%) 
edges                  322/256000       1288/1024000  ( 0.1%) 
LDR worldlights          0/8192            0/720896   ( 0.0%) 
HDR worldlights          0/8192            0/720896   ( 0.0%) 
leafwaterdata            0/32768           0/393216   ( 0.0%) 
waterstrips              2/32768          20/327680   ( 0.0%) 
waterverts               0/65536           0/786432   ( 0.0%) 
waterindices            24/65536          48/131072   ( 0.0%) 
cubemapsamples           0/1024            0/16384    ( 0.0%) 
overlays                 0/512             0/180224   ( 0.0%) 
LDR lightdata         [variable]        4728/0        ( 0.0%) 
HDR lightdata         [variable]           0/0        ( 0.0%) 
visdata               [variable]         844/16777216 ( 0.0%) 
entdata               [variable]        1354/393216   ( 0.3%) 
LDR ambient table       96/65536         384/262144   ( 0.1%) 
HDR ambient table       96/65536         384/262144   ( 0.1%) 
LDR leaf ambient        48/65536        1344/1835008  ( 0.1%) 
HDR leaf ambient        96/65536        2688/1835008  ( 0.1%) 
occluders                0/0               0/0        ( 0.0%) 
occluder polygons        0/0               0/0        ( 0.0%) 
occluder vert ind        0/0               0/0        ( 0.0%) 
detail props          [variable]           1/12       ( 8.3%) 
static props          [variable]           1/12       ( 8.3%) 
pakfile               [variable]      105655/0        ( 0.0%) 
physics               [variable]        5897/4194304  ( 0.1%) 
physics terrain       [variable]           2/1048576  ( 0.0%) 

Level flags = 0

Total triangle count: 212
Writing z:\home\donovanb\test-project-2\output.bsp
0 seconds elapsed



Using shader api: shaderapiempty.dll
materialPath: Z:\home\donovanb\steam\steam\steamapps\sourcemods\portal_no_puzzles\materials
Loading Z:\home\donovanb\test-project-2\output.vmf
ConVarRef mat_specular_scalar doesn't point to an existing ConVar
Could not locate 'GameData' key in z:\home\donovanb\steam\steam\steamapps\sourcemods\portal_no_puzzles\gameinfo.txt
fixing up env_cubemap materials on brush sides...
0...1...2...3...4...5...6...7...8...9...100...1...2...3...4...5...6...7...8...9...10Processing areas...done (0)
Building Faces...done (0)
FixTjuncs...
PruneNodes...
WriteBSP...
done (0)
writing Z:\home\donovanb\test-project-2\output.prt...Building visibility clusters...
done (0)
Creating default LDR cubemaps for env_cubemap using skybox materials:
   skybox/sky_day01_01*.vmt
 ! Run buildcubemaps in the engine to get the correct cube maps.
Creating default HDR cubemaps for env_cubemap using skybox materials:
   skybox/sky_day01_01*.vmt
 ! Run buildcubemaps in the engine to get the correct cube maps.
Finding displacement neighbors...
Finding lightmap sample positions...
Displacement Alpha : 0...1...2...3...4...5...6...7...8...9...10
Building Physics collision data...
done (0) (5897 bytes)
Placing detail props : 0...1...2...3...4...5...6...7...8...9...10
Compacting texture/material tables...
Reduced 9 texinfos to 7
Reduced 3 texdatas to 3 (63 bytes to 63)
Writing Z:\home\donovanb\test-project-2\output.bsp
0 seconds elapsed



24 threads
reading z:\home\donovanb\test-project-2\output.bsp
reading z:\home\donovanb\test-project-2\output.prt
  42 portalclusters
 112 numportals
0...1...2...3...4...5...6...7...8...9...100...1...2...3...4...5...6...7...8...9...10Optimized: 2 visible clusters (0.13%)
Total clusters visible: 1562
Average clusters visible: 37
Building PAS...
Average clusters audible: 42
visdatasize:844  compressed from 672
writing z:\home\donovanb\test-project-2\output.bsp
0 seconds elapsed



[Reading texlights from 'lights.rad']
[53 texlights parsed from 'lights.rad']

Loading z:\home\donovanb\test-project-2\output.bsp
96 faces
3675 square feet [529311.06 square inches]
0 Displacements
0 Square Feet [0.00 Square Inches]
96 patches before subdivision
248 patches after subdivision
0 direct lights
0...1...2...3...4...5...6...7...8...9...100...1...2...3...4...5...6...7...8...9...10transfers 6086, max 74
transfer lists:   0.0 megs
0...1...2...3...4...5...6...7...8...9...10	Bounce #1 added RGB(0, 0, 0)
Build Patch/Sample Hash Table(s).....Done<0.0000 sec>
0...1...2...3...4...5...6...7...8...9...10FinalLightFace Done
0 of 0 (0% of) surface lights went in leaf ambient cubes.
0...1...2...3...4...5...6...7...8...9...10Writing leaf ambient...done
Ready to Finish

Object names       Objects/Maxobjs  Memory / Maxmem  Fullness 
------------       ---------------  ---------------  -------- 
models                   2/2048           96/98304    ( 0.1%) 
brushes                 15/16384         180/196608   ( 0.1%) 
brushsides              90/65536         720/524288   ( 0.1%) 
planes                 104/65536        2080/1310720  ( 0.2%) 
vertexes               143/65536        1716/786432   ( 0.2%) 
nodes                   93/65536        2976/2097152  ( 0.1%) 
texinfos                 7/16384         504/1179648  ( 0.0%) 
texdata                  3/8096           96/259072   ( 0.0%) 
dispinfos                0/0               0/0        ( 0.0%) 
disp_verts               0/0               0/0        ( 0.0%) 
disp_tris                0/0               0/0        ( 0.0%) 
disp_lmsamples           0/0               0/0        ( 0.0%) 
faces                   96/65536        5376/3670016  ( 0.1%) 
hdr faces                0/65536           0/3670016  ( 0.0%) 
origfaces               51/65536        2856/3670016  ( 0.1%) 
leaves                  96/65536        3072/2097152  ( 0.1%) 
leaffaces              126/65536         252/131072   ( 0.2%) 
leafbrushes             53/65536         106/131072   ( 0.1%) 
areas                    2/256            16/2048     ( 0.8%) 
surfedges              608/512000       2432/2048000  ( 0.1%) 
edges                  322/256000       1288/1024000  ( 0.1%) 
LDR worldlights          0/8192            0/720896   ( 0.0%) 
HDR worldlights          0/8192            0/720896   ( 0.0%) 
leafwaterdata            0/32768           0/393216   ( 0.0%) 
waterstrips              2/32768          20/327680   ( 0.0%) 
waterverts               0/65536           0/786432   ( 0.0%) 
waterindices            24/65536          48/131072   ( 0.0%) 
cubemapsamples           0/1024            0/16384    ( 0.0%) 
overlays                 0/512             0/180224   ( 0.0%) 
LDR lightdata         [variable]        4728/0        ( 0.0%) 
HDR lightdata         [variable]           0/0        ( 0.0%) 
visdata               [variable]         844/16777216 ( 0.0%) 
entdata               [variable]        1365/393216   ( 0.3%) 
LDR ambient table       96/65536         384/262144   ( 0.1%) 
HDR ambient table       96/65536         384/262144   ( 0.1%) 
LDR leaf ambient        48/65536        1344/1835008  ( 0.1%) 
HDR leaf ambient        96/65536        2688/1835008  ( 0.1%) 
occluders                0/0               0/0        ( 0.0%) 
occluder polygons        0/0               0/0        ( 0.0%) 
occluder vert ind        0/0               0/0        ( 0.0%) 
detail props          [variable]           1/12       ( 8.3%) 
static props          [variable]           1/12       ( 8.3%) 
pakfile               [variable]      105655/0        ( 0.0%) 
physics               [variable]        5897/4194304  ( 0.1%) 
physics terrain       [variable]           2/1048576  ( 0.0%) 

Level flags = 0

Total triangle count: 212
Writing z:\home\donovanb\test-project-2\output.bsp
0 seconds elapsed
